<?xml version="1.0" encoding="UTF-8"?>
<!-- Generated by org.testng.reporters.JUnitReportReporter -->
<testsuite hostname="LWO1-LHP-A05087" failures="0" tests="2" name="DinamicJson" time="2.506" errors="0" timestamp="2022-02-19T19:50:50 EET" skipped="0">
  <testcase classname="DinamicJson" name="Addbook" time="2.057"/>
  <system-out/>
  <testcase classname="DinamicJson" name="deleteBook" time="0.449"/>
  <system-out/>
</testsuite> <!-- DinamicJson -->
