<?xml version="1.0" encoding="UTF-8"?>
<!-- Generated by org.testng.reporters.JUnitReportReporter -->
<testsuite hostname="LWO1-LHP-A05087" failures="0" tests="1" name="DinamicJson" time="2.136" errors="0" timestamp="2022-02-19T14:21:41 EET" skipped="0">
  <testcase classname="DinamicJson" name="Addbook" time="2.136"/>
  <system-out/>
</testsuite> <!-- DinamicJson -->
