<?xml version="1.0" encoding="UTF-8"?>
<!-- Generated by org.testng.reporters.JUnitReportReporter -->
<testsuite hostname="LWO1-LHP-A05087" failures="0" tests="2" name="ExcelDrivenBooks" time="3.140" errors="0" timestamp="2022-05-31T17:39:22 EEST" skipped="0">
  <testcase classname="ExcelDrivenBooks" name="Addbook" time="2.692"/>
  <system-out/>
  <testcase classname="ExcelDrivenBooks" name="deleteBook" time="0.448"/>
  <system-out/>
</testsuite> <!-- ExcelDrivenBooks -->
