<?xml version="1.0" encoding="UTF-8"?>
<!-- Generated by org.testng.reporters.JUnitReportReporter -->
<testsuite hostname="LWO1-LHP-A05087" failures="0" tests="4" name="DinamicJson" time="3.515" errors="0" timestamp="2022-02-19T21:24:16 EET" skipped="0">
  <testcase classname="DinamicJson" name="Addbook" time="0.436"/>
  <system-out/>
  <testcase classname="DinamicJson" name="Addbook" time="0.445"/>
  <system-out/>
  <testcase classname="DinamicJson" name="deleteBook" time="0.444"/>
  <system-out/>
  <testcase classname="DinamicJson" name="Addbook" time="2.190"/>
  <system-out/>
</testsuite> <!-- DinamicJson -->
