<?xml version="1.0" encoding="UTF-8"?>
<!-- Generated by org.testng.reporters.JUnitReportReporter -->
<testsuite hostname="LWO1-LHP-A05087" failures="0" tests="3" name="DinamicJson" time="3.169" errors="0" timestamp="2022-02-19T18:40:06 EET" skipped="0">
  <testcase classname="DinamicJson" name="Addbook" time="2.273"/>
  <system-out/>
  <testcase classname="DinamicJson" name="Addbook" time="0.449"/>
  <system-out/>
  <testcase classname="DinamicJson" name="Addbook" time="0.447"/>
  <system-out/>
</testsuite> <!-- DinamicJson -->
