<?xml version="1.0" encoding="UTF-8"?>
<!-- Generated by org.testng.reporters.JUnitReportReporter -->
<testsuite hostname="LWO1-LHP-A05087" failures="0" tests="4" name="DinamicJson" time="4.206" errors="0" timestamp="2022-05-31T13:08:08 EEST" skipped="0">
  <testcase classname="DinamicJson" name="Addbook" time="0.372"/>
  <system-out/>
  <testcase classname="DinamicJson" name="Addbook" time="0.368"/>
  <system-out/>
  <testcase classname="DinamicJson" name="deleteBook" time="0.386"/>
  <system-out/>
  <testcase classname="DinamicJson" name="Addbook" time="3.080"/>
  <system-out/>
</testsuite> <!-- DinamicJson -->
